<?xml version="1.0" encoding="UTF-8"?>
<!-- Generated by org.testng.reporters.JUnitReportReporter -->
<testsuite hostname="Supriya" failures="0" tests="1" name="TestP.day4" time="0.002" errors="0" timestamp="2024-12-14T15:33:50 EST" skipped="0">
  <testcase classname="TestP.day4" name="Demo" time="0.002"/>
  <system-out/>
</testsuite> <!-- TestP.day4 -->
