<?xml version="1.0" encoding="UTF-8"?>
<!-- Generated by org.testng.reporters.JUnitReportReporter -->
<testsuite hostname="Supriya" failures="0" tests="1" name="TestP.day3" time="0.001" errors="0" timestamp="2024-12-14T15:33:50 EST" skipped="0">
  <testcase classname="TestP.day3" name="WebHomelogin" time="0.001"/>
  <system-out/>
</testsuite> <!-- TestP.day3 -->
