<?xml version="1.0" encoding="UTF-8"?>
<!-- Generated by org.testng.reporters.JUnitReportReporter -->
<testsuite hostname="Supriya" failures="0" tests="1" name="TestP.day2" time="0.004" errors="0" timestamp="2024-12-14T15:33:50 EST" skipped="0">
  <testcase classname="TestP.day2" name="WebCarlogin" time="0.004"/>
  <system-out/>
</testsuite> <!-- TestP.day2 -->
